<?xml version="1.0" encoding="UTF-8"?>
<testng-results ignored="0" total="1" passed="1" failed="0" skipped="0">
  <reporter-output>
  </reporter-output>
  <suite started-at="2020-06-26T17:37:56 BST" name="Default suite" finished-at="2020-06-26T17:37:56 BST" duration-ms="59">
    <groups>
    </groups>
    <test started-at="2020-06-26T17:37:56 BST" name="Default test" finished-at="2020-06-26T17:37:56 BST" duration-ms="59">
      <class name="com.auto.tests.LoginTest">
        <test-method signature="Login_PBI_12345()[pri:0, instance:com.auto.tests.LoginTest@1d082e88]" started-at="2020-06-26T17:37:56 BST" name="Login_PBI_12345" finished-at="2020-06-26T17:37:56 BST" duration-ms="8" status="PASS">
          <reporter-output>
          </reporter-output>
        </test-method> <!-- Login_PBI_12345 -->
      </class> <!-- com.auto.tests.LoginTest -->
    </test> <!-- Default test -->
  </suite> <!-- Default suite -->
</testng-results>
